<?xml version="1.0" encoding="UTF-8"?>
<!-- Generated by org.testng.reporters.JUnitReportReporter -->
<testsuite hostname="DESKTOP-79OBDSS" failures="0" tests="1" name="com.iris22a.ProductTest" time="28.080" errors="0" timestamp="22 Jul 2022 12:56:41 GMT" skipped="0">
  <testcase classname="com.iris22a.ProductTest" name="verifySerchResultForPoloMen" time="28.080"/>
</testsuite> <!-- com.iris22a.ProductTest -->
